2020-03-08 00:37:33,921 [main] INFO QA Testing - ******** I am a chrome browser*********
2020-03-08 00:37:35,936 [main] INFO QA Testing - ******** As a user i can enter URL *********
2020-03-08 00:37:41,277 [main] INFO QA Testing - ******** As a user i can Click on signIn BTN *********
2020-03-08 00:37:41,616 [main] INFO QA Testing - ******** As a user i can enter username *********
2020-03-08 00:37:42,396 [main] INFO QA Testing - ******** As a user i can enter password *********
2020-03-08 00:37:42,517 [main] INFO QA Testing - ******** As a user i can click on submit btn *********
2020-03-08 00:37:43,266 [main] INFO QA Testing - ******** As a user i can verify page title *********
2020-03-08 00:37:43,407 [main] INFO QA Testing - ******** As a user i can closed the browser *********
2020-03-08 00:37:43,549 [main] INFO QA Testing - ******** I am a chrome browser*********
2020-03-08 00:37:44,939 [main] INFO QA Testing - ******** As a user i can enter URL *********
2020-03-08 00:37:48,650 [main] INFO QA Testing - ******** As a user i can click on signin btn *********
2020-03-08 00:37:49,602 [main] INFO QA Testing - ******** As a user i can enter username *********
2020-03-08 00:37:49,837 [main] INFO QA Testing - ******** As a user i can enter password *********
2020-03-08 00:37:49,981 [main] INFO QA Testing - ******** As a user i can click on submit btn *********
2020-03-08 00:37:50,625 [main] INFO QA Testing - ******** As a user i can verify page title *********
2020-03-08 00:37:50,701 [main] INFO QA Testing - ******** As a user i can closed the browser *********
2020-03-08 00:37:50,799 [main] INFO QA Testing - ******** I am a chrome browser*********
2020-03-08 00:37:51,967 [main] INFO QA Testing - ******** As a user i can enter URL *********
2020-03-08 00:37:58,131 [main] INFO QA Testing - ******** As a user i can click on signin btn *********
2020-03-08 00:38:01,067 [main] INFO QA Testing - ******** As a user i can enter username *********
2020-03-08 00:38:01,202 [main] INFO QA Testing - ******** As a user i can enter password *********
2020-03-08 00:38:01,340 [main] INFO QA Testing - ******** As a user i can click on submit btn *********
2020-03-08 00:38:03,794 [main] INFO QA Testing - ******** As a user i can verify page title *********
2020-03-08 00:38:03,806 [main] INFO QA Testing - ******** As a user i can verify error message *********
2020-03-08 00:38:03,817 [main] INFO QA Testing - ******** As a user i can closed the browser *********
2020-03-08 11:35:01,216 [main] INFO QA Testing - ******** As a user i can open the browser *********
2020-03-08 11:35:01,221 [main] INFO QA Testing - ******** I am a firefox browser*********
2020-03-08 11:35:06,383 [main] INFO QA Testing - ******** As a user i can login to the application *********
2020-03-08 11:35:08,774 [main] INFO QA Testing - ******** As a user i can verify page title *********
2020-03-08 11:35:08,809 [main] INFO QA Testing - ******** As a user i can verify error message *********
2020-03-08 11:35:34,186 [main] INFO QA Testing - ******** As a user i can open the browser *********
2020-03-08 11:35:34,189 [main] INFO QA Testing - ******** I am a firefox browser*********
2020-03-08 11:35:39,067 [main] INFO QA Testing - ******** As a user i can login to the application *********
2020-03-08 11:35:41,444 [main] INFO QA Testing - ******** As a user i can verify page title *********
2020-03-08 11:35:41,480 [main] INFO QA Testing - ******** As a user i can verify error message *********
2020-03-08 11:40:33,469 [main] INFO QA Testing - ******** As a user i can open the browser *********
2020-03-08 11:40:33,472 [main] INFO QA Testing - ******** I am a firefox browser*********
2020-03-08 11:40:37,865 [main] INFO QA Testing - ******** As a user i can login to the application *********
2020-03-08 11:40:40,320 [main] INFO QA Testing - ******** As a user i can verify error message *********
2020-03-08 11:40:40,357 [main] INFO QA Testing - ******** As a user i can verify page title *********
2020-03-08 11:43:54,474 [main] INFO QA Testing - ******** As a user i can open the browser *********
2020-03-08 11:43:54,477 [main] INFO QA Testing - ******** I am a firefox browser*********
2020-03-08 11:43:58,178 [main] INFO QA Testing - ******** As a user i can login to the application *********
2020-03-08 11:44:00,429 [main] INFO QA Testing - ******** As a user i can verify page title *********
2020-03-08 11:44:59,696 [main] INFO QA Testing - ******** As a user i can open the browser *********
2020-03-08 11:44:59,699 [main] INFO QA Testing - ******** I am a firefox browser*********
2020-03-08 11:45:04,408 [main] INFO QA Testing - ******** As a user i can login to the application *********
2020-03-08 11:45:06,607 [main] INFO QA Testing - ******** As a user i can verify page title *********
2020-03-08 11:46:04,593 [main] INFO QA Testing - ******** As a user i can open the browser *********
2020-03-08 11:46:04,596 [main] INFO QA Testing - ******** I am a firefox browser*********
2020-03-08 11:46:08,108 [main] INFO QA Testing - ******** As a user i can login to the application *********
2020-03-08 11:46:15,297 [main] INFO QA Testing - ******** As a user i can verify page title *********
2020-03-08 11:49:09,296 [main] INFO QA Testing - ******** As a user i can open the browser *********
2020-03-08 11:49:09,299 [main] INFO QA Testing - ******** I am a Chrome browser*********
2020-03-08 11:49:13,873 [main] INFO QA Testing - ******** As a user i can login to the application *********
2020-03-08 11:49:16,297 [main] INFO QA Testing - ******** As a user i can verify page title *********
2020-03-08 12:07:31,407 [main] INFO QA Testing - ******** I am a Chrome browser*********
2020-03-08 12:11:11,974 [main] INFO QA Testing - ******** I am a Chrome browser*********
2020-03-09 22:49:12,273 [main] INFO QA Testing - ******** I am a Chrome browser*********
2020-03-10 11:13:31,933 [main] INFO QA Testing - ******** I am a Chrome browser*********
2020-03-10 11:14:54,685 [main] INFO QA Testing - ******** I am a Chrome browser*********
2020-03-10 11:16:53,779 [main] INFO QA Testing - ******** I am a Chrome browser*********
2020-03-10 11:19:20,113 [main] INFO QA Testing - ******** I am a Chrome browser*********
2020-03-10 11:27:31,816 [main] INFO QA Testing - ******** I am a Chrome browser*********
2020-03-10 11:30:31,290 [main] INFO QA Testing - ******** I am a Chrome browser*********
2020-03-10 11:32:45,487 [main] INFO QA Testing - ******** I am a Chrome browser*********
2020-03-10 11:35:16,192 [main] INFO QA Testing - ******** I am a Chrome browser*********
2020-03-10 11:37:18,658 [main] INFO QA Testing - ******** I am a Chrome browser*********
2020-03-10 11:41:18,542 [main] INFO QA Testing - ******** I am a Chrome browser*********
2020-03-10 11:42:50,860 [main] INFO QA Testing - ******** I am a Chrome browser*********
2020-03-10 12:02:48,246 [main] INFO QA Testing - ******** I am a Chrome browser*********
2020-03-10 12:04:26,452 [main] INFO QA Testing - ******** I am a Chrome browser*********
2020-03-10 12:06:50,421 [main] INFO QA Testing - ******** I am a Chrome browser*********
2020-03-10 12:08:04,318 [main] INFO QA Testing - ******** I am a Chrome browser*********
2020-03-10 12:08:59,313 [main] INFO QA Testing - ******** I am a Chrome browser*********
2020-03-10 12:10:10,693 [main] INFO QA Testing - ******** I am a Chrome browser*********
2020-03-10 12:11:27,392 [main] INFO QA Testing - ******** I am a Chrome browser*********
2020-03-10 12:12:33,947 [main] INFO QA Testing - ******** I am a Chrome browser*********
2020-03-10 12:13:55,552 [main] INFO QA Testing - ******** I am a Chrome browser*********
2020-03-11 09:23:56,160 [main] INFO QA Testing - ******** I am a Chrome browser*********
2020-03-11 09:25:05,735 [main] INFO QA Testing - ******** I am a Chrome browser*********
2020-03-11 09:36:14,881 [main] INFO QA Testing - ******** I am a Chrome browser*********
2020-03-11 09:37:01,655 [main] INFO QA Testing - ******** I am a Chrome browser*********
2020-03-11 09:38:39,713 [main] INFO QA Testing - ******** I am a Chrome browser*********
2020-03-11 09:39:37,193 [main] INFO QA Testing - ******** I am a Chrome browser*********
2020-03-11 09:42:31,073 [main] INFO QA Testing - ******** I am a Chrome browser*********
2020-03-11 09:43:57,050 [main] INFO QA Testing - ******** I am a Chrome browser*********
2020-03-11 09:46:44,085 [main] INFO QA Testing - ******** I am a Chrome browser*********
2020-03-11 10:09:12,307 [main] INFO QA Testing - ******** I am a Chrome browser*********
2020-03-11 10:10:29,465 [main] INFO QA Testing - ******** I am a Chrome browser*********
2020-03-11 10:11:45,844 [main] INFO QA Testing - ******** I am a Chrome browser*********
2020-03-11 10:17:16,674 [main] INFO QA Testing - ******** I am a Chrome browser*********
2020-03-11 10:23:44,476 [main] INFO QA Testing - ******** I am a Chrome browser*********
2020-03-11 10:24:59,680 [main] INFO QA Testing - ******** I am a Chrome browser*********
2020-03-11 10:26:23,338 [main] INFO QA Testing - ******** I am a Chrome browser*********
2020-03-11 10:28:01,246 [main] INFO QA Testing - ******** I am a Chrome browser*********
2020-03-11 10:29:13,323 [main] INFO QA Testing - ******** I am a Chrome browser*********
2020-03-11 10:32:31,974 [main] INFO QA Testing - ******** I am a Chrome browser*********
2020-03-11 10:34:43,236 [main] INFO QA Testing - ******** I am a Chrome browser*********
2020-03-11 10:39:16,955 [main] INFO QA Testing - ******** I am a Chrome browser*********
2020-03-11 10:54:36,582 [main] INFO QA Testing - ******** I am a Chrome browser*********
2020-03-11 10:57:06,851 [main] INFO QA Testing - ******** I am a Chrome browser*********
2020-03-11 14:49:51,050 [main] INFO QA Testing - ******** I am a Chrome browser*********
2020-03-11 14:52:13,274 [main] INFO QA Testing - ******** I am a Chrome browser*********
2020-03-11 14:53:14,510 [main] INFO QA Testing - ******** I am a Chrome browser*********
2020-03-11 14:54:01,573 [main] INFO QA Testing - ******** I am a Chrome browser*********
2020-03-11 14:56:31,780 [main] INFO QA Testing - ******** I am a Chrome browser*********
2020-03-11 14:58:04,037 [main] INFO QA Testing - ******** I am a Chrome browser*********
2020-03-11 15:05:01,015 [main] INFO QA Testing - ******** I am a Chrome browser*********
2020-03-11 15:07:59,076 [main] INFO QA Testing - ******** I am a Chrome browser*********
2020-03-11 15:09:45,860 [main] INFO QA Testing - ******** I am a Chrome browser*********
2020-03-11 15:10:41,632 [main] INFO QA Testing - ******** I am a Chrome browser*********
2020-03-11 15:17:50,920 [main] INFO QA Testing - ******** I am a Chrome browser*********
2020-03-14 16:30:07,951 [main] INFO QA Testing - ******** I am a Chrome browser*********
2020-03-14 16:31:04,981 [main] INFO QA Testing - ******** I am a Chrome browser*********
2020-03-14 16:32:09,321 [main] INFO QA Testing - ******** I am a Chrome browser*********
2020-03-14 16:36:51,866 [main] INFO QA Testing - ******** I am a Chrome browser*********
2020-03-14 16:38:24,282 [main] INFO QA Testing - ******** I am a Chrome browser*********
2020-03-14 16:43:18,780 [main] INFO QA Testing - ******** I am a Chrome browser*********
2020-03-14 16:43:56,451 [main] INFO QA Testing - ******** I am a Chrome browser*********
2020-03-14 16:44:13,763 [main] INFO QA Testing - ******** I am a chrome browser *********
2020-03-14 16:44:15,209 [main] INFO QA Testing - ******** I am maximaize the browser *********
2020-03-14 16:44:15,524 [main] INFO QA Testing - ******** As a user i can enter URL *********
2020-03-14 16:44:17,761 [main] INFO QA Testing - ******** As a user i can Click on signIn BTN *********
2020-03-14 16:44:17,765 [main] INFO QA Testing - ******** As a user i can closed the browser *********
2020-03-14 16:44:17,891 [main] INFO QA Testing - ******** I am a chrome browser *********
2020-03-14 16:44:19,181 [main] INFO QA Testing - ******** I am maximaize the browser *********
2020-03-14 16:44:19,372 [main] INFO QA Testing - ******** As a user i can enter URL *********
2020-03-14 16:44:22,131 [main] INFO QA Testing - ******** As a user i can click on signin btn *********
2020-03-14 16:44:22,134 [main] INFO QA Testing - ******** As a user i can closed the browser *********
2020-03-14 16:44:22,236 [main] INFO QA Testing - ******** I am a chrome browser *********
2020-03-14 16:44:23,403 [main] INFO QA Testing - ******** I am maximaize the browser *********
2020-03-14 16:44:23,593 [main] INFO QA Testing - ******** As a user i can enter URL *********
2020-03-14 16:44:25,985 [main] INFO QA Testing - ******** As a user i can click on signin btn *********
2020-03-14 16:44:25,988 [main] INFO QA Testing - ******** As a user i can closed the browser *********
2020-03-14 16:44:53,101 [main] INFO QA Testing - ******** I am a Chrome browser*********
2020-03-14 17:00:52,902 [main] INFO QA Testing - ******** I am a Chrome browser*********
2020-03-14 17:04:06,022 [main] INFO QA Testing - ******** I am a Chrome browser*********
2020-03-14 17:04:57,105 [main] INFO QA Testing - ******** I am a Chrome browser*********
2020-03-14 17:06:24,770 [main] INFO QA Testing - ******** I am a Chrome browser*********
2020-03-14 17:10:08,640 [main] INFO QA Testing - ******** I am a Chrome browser*********
2020-03-14 17:12:28,322 [main] INFO QA Testing - ******** I am a Chrome browser*********
2020-03-14 17:13:06,453 [main] INFO QA Testing - ******** I am a Chrome browser*********
2020-03-14 17:16:34,696 [main] INFO QA Testing - ******** I am a Chrome browser*********
2020-03-14 18:06:51,247 [main] INFO QA Testing - ******** I am a Chrome browser*********
2020-03-14 18:06:56,989 [main] INFO QA Testing - *** As a User i can click on signin BTN ***
2020-03-14 18:06:57,852 [main] INFO QA Testing - *** As a User i can enter user name ***
2020-03-14 18:06:58,048 [main] INFO QA Testing - *** As a User i can enter password ***
2020-03-14 18:06:58,294 [main] INFO QA Testing - *** As a User i can click on submit btn ***
2020-03-14 18:06:59,442 [main] INFO QA Testing - *** As a User i can verify my page title ***
2020-03-14 18:06:59,451 [main] INFO QA Testing - *** As a User i can closed the browser ***
2020-03-14 18:07:45,483 [main] INFO QA Testing - ******** I am a Chrome browser*********
2020-03-14 18:07:49,728 [main] INFO QA Testing - *** As a User i can click on signin BTN ***
2020-03-14 18:07:50,025 [main] INFO QA Testing - *** As a User i can enter user name ***
2020-03-14 18:07:50,615 [main] INFO QA Testing - *** As a User i can enter password ***
2020-03-14 18:07:50,836 [main] INFO QA Testing - *** As a User i can click on submit btn ***
2020-03-14 18:07:51,474 [main] INFO QA Testing - *** As a User i can verify my page title ***
2020-03-14 18:07:51,507 [main] INFO QA Testing - *** As a User i can closed the browser ***
2020-03-14 18:13:28,247 [main] INFO QA Testing - ******** I am a Chrome browser*********
2020-03-14 18:13:35,465 [main] INFO QA Testing - *** As a User i can click on signin BTN ***
2020-03-14 18:13:37,393 [main] INFO QA Testing - *** As a User i can enter user name ***
2020-03-14 18:13:37,630 [main] INFO QA Testing - *** As a User i can enter password ***
2020-03-14 18:13:37,875 [main] INFO QA Testing - *** As a User i can click on submit btn ***
2020-03-14 18:13:39,106 [main] INFO QA Testing - *** As a User i can verify my page title ***
2020-03-14 18:13:39,117 [main] INFO QA Testing - *** As a User i can closed the browser ***
2020-03-14 18:14:44,161 [main] INFO QA Testing - ******** I am a Chrome browser*********
2020-03-14 18:14:49,171 [main] INFO QA Testing - *** As a User i can click on signin BTN ***
2020-03-14 18:14:50,732 [main] INFO QA Testing - *** As a User i can enter user name ***
2020-03-14 18:14:50,931 [main] INFO QA Testing - *** As a User i can enter password ***
2020-03-14 18:14:51,064 [main] INFO QA Testing - *** As a User i can click on submit btn ***
2020-03-14 18:14:52,323 [main] INFO QA Testing - *** As a User i can verify my page title ***
2020-03-14 18:14:52,337 [main] INFO QA Testing - *** As a User i can closed the browser ***
2020-03-14 18:16:11,584 [main] INFO QA Testing - ******** I am a Chrome browser*********
2020-03-14 18:16:15,026 [main] INFO QA Testing - *** As a User i can click on signin BTN ***
2020-03-14 18:16:16,186 [main] INFO QA Testing - *** As a User i can enter user name ***
2020-03-14 18:16:16,391 [main] INFO QA Testing - *** As a User i can enter password ***
2020-03-14 18:16:16,518 [main] INFO QA Testing - *** As a User i can click on submit btn ***
2020-03-14 18:16:23,894 [main] INFO QA Testing - *** As a User i can verify my page title ***
2020-03-14 18:16:23,903 [main] INFO QA Testing - *** As a User i can closed the browser ***
2020-03-14 18:16:57,407 [main] INFO QA Testing - ******** I am a Chrome browser*********
2020-03-14 18:17:00,896 [main] INFO QA Testing - *** As a User i can click on signin BTN ***
2020-03-14 18:17:01,935 [main] INFO QA Testing - *** As a User i can enter user name ***
2020-03-14 18:17:02,144 [main] INFO QA Testing - *** As a User i can enter password ***
2020-03-14 18:17:02,291 [main] INFO QA Testing - *** As a User i can click on submit btn ***
2020-03-14 18:17:03,799 [main] INFO QA Testing - *** As a User i can verify my page title ***
2020-03-14 18:17:03,809 [main] INFO QA Testing - *** As a User i can closed the browser ***
2020-03-14 18:21:10,742 [main] INFO QA Testing - ******** I am a Chrome browser*********
2020-03-14 18:21:16,851 [main] INFO QA Testing - *** As a User i can click on signin BTN ***
2020-03-14 18:21:22,165 [main] INFO QA Testing - *** As a User i can enter user name ***
2020-03-14 18:21:22,403 [main] INFO QA Testing - *** As a User i can enter password ***
2020-03-14 18:21:22,567 [main] INFO QA Testing - *** As a User i can click on submit btn ***
2020-03-14 18:21:30,453 [main] INFO QA Testing - *** As a User i can verify my page title ***
2020-03-14 18:21:30,468 [main] INFO QA Testing - *** As a User i can closed the browser ***
2020-03-14 18:22:16,450 [main] INFO QA Testing - ******** I am a Chrome browser*********
2020-03-14 19:29:46,651 [main] INFO QA Testing - ******** I am a Chrome browser*********
2020-03-14 19:29:56,428 [main] INFO QA Testing - *** As a User i can verify my page title ***
2020-03-14 19:29:56,499 [main] INFO QA Testing - *** As a User i can closed the browser ***
2020-03-14 19:30:24,657 [main] INFO QA Testing - ******** I am a Chrome browser*********
2020-03-14 19:30:33,009 [main] INFO QA Testing - *** As a User i can verify my page title ***
2020-03-14 19:30:33,077 [main] INFO QA Testing - *** As a User i can closed the browser ***
2020-03-14 19:48:06,395 [main] INFO QA Testing - ******** I am a Chrome browser*********
2020-03-14 19:48:11,767 [main] INFO QA Testing - *** As a User i can closed the browser ***
2020-03-14 20:07:44,038 [main] INFO QA Testing - ******** I am a Chrome browser*********
2020-03-14 20:07:49,883 [main] INFO QA Testing - *** As a User i can click on signin BTN ***
2020-03-14 20:07:52,193 [main] INFO QA Testing - *** As a User i can enter user name ***
2020-03-14 20:07:52,516 [main] INFO QA Testing - *** As a User i can enter password ***
2020-03-14 20:07:52,666 [main] INFO QA Testing - *** As a User i can click on submit btn ***
2020-03-14 20:07:54,442 [main] INFO QA Testing - *** As a User i can verify my page title ***
2020-03-14 20:07:54,451 [main] INFO QA Testing - *** As a User i can closed the browser ***
2020-03-14 20:24:50,214 [main] INFO QA Testing - ******** I am a Chrome browser*********
2020-03-14 20:24:54,105 [main] INFO QA Testing - *** As a User i can click on signin BTN ***
2020-03-14 20:24:55,982 [main] INFO QA Testing - *** As a User i can enter user name ***
2020-03-14 20:24:56,166 [main] INFO QA Testing - *** As a User i can enter password ***
2020-03-14 20:24:56,286 [main] INFO QA Testing - *** As a User i can click on submit btn ***
2020-03-14 20:24:57,744 [main] INFO QA Testing - *** As a User i can verify my page title ***
2020-03-14 20:24:57,753 [main] INFO QA Testing - *** As a User i can closed the browser ***
2020-03-14 21:12:33,250 [main] INFO QA Testing - ******** I am a Chrome browser*********
2020-03-14 21:12:41,337 [main] INFO QA Testing - *** As a User i can click on signin BTN ***
2020-03-14 21:12:45,808 [main] INFO QA Testing - *** As a User i can enter user name ***
2020-03-14 21:12:46,104 [main] INFO QA Testing - *** As a User i can enter password ***
2020-03-14 21:12:46,299 [main] INFO QA Testing - *** As a User i can click on submit btn ***
2020-03-14 21:12:47,706 [main] INFO QA Testing - *** As a User i can verify my page title ***
2020-03-14 21:12:47,725 [main] INFO QA Testing - *** As a User i can closed the browser ***
2020-03-14 21:12:48,562 [main] INFO QA Testing - ******** I am a chrome browser *********
2020-03-14 21:12:49,854 [main] INFO QA Testing - ******** I am maximaize the browser *********
2020-03-14 21:12:50,185 [main] INFO QA Testing - ******** As a user i can enter URL *********
2020-03-14 21:12:55,264 [main] INFO QA Testing - ******** As a user i can Click on signIn BTN *********
2020-03-14 21:12:55,269 [main] INFO QA Testing - ******** As a user i can closed the browser *********
2020-03-14 21:12:55,397 [main] INFO QA Testing - ******** I am a chrome browser *********
2020-03-14 21:12:56,650 [main] INFO QA Testing - ******** I am maximaize the browser *********
2020-03-14 21:12:56,831 [main] INFO QA Testing - ******** As a user i can enter URL *********
2020-03-14 21:13:00,826 [main] INFO QA Testing - ******** As a user i can click on signin btn *********
2020-03-14 21:13:00,830 [main] INFO QA Testing - ******** As a user i can closed the browser *********
2020-03-14 21:13:00,922 [main] INFO QA Testing - ******** I am a chrome browser *********
2020-03-14 21:13:02,381 [main] INFO QA Testing - ******** I am maximaize the browser *********
2020-03-14 21:13:02,551 [main] INFO QA Testing - ******** As a user i can enter URL *********
2020-03-14 21:13:10,602 [main] INFO QA Testing - ******** As a user i can click on signin btn *********
2020-03-14 21:13:10,606 [main] INFO QA Testing - ******** As a user i can closed the browser *********
2020-03-14 21:20:38,043 [main] INFO QA Testing - ******** I am a Chrome browser*********
2020-03-14 21:20:48,242 [main] INFO QA Testing - *** As a User i can click on signin BTN ***
2020-03-14 21:20:58,542 [main] INFO QA Testing - *** As a User i can enter user name ***
2020-03-14 21:20:58,756 [main] INFO QA Testing - *** As a User i can enter password ***
2020-03-14 21:20:58,916 [main] INFO QA Testing - *** As a User i can click on submit btn ***
2020-03-14 21:21:01,563 [main] INFO QA Testing - *** As a User i can verify my page title ***
2020-03-14 21:21:01,591 [main] INFO QA Testing - *** As a User i can closed the browser ***
2020-03-15 13:52:17,531 [main] INFO QA Testing - ******** I am a Chrome browser*********
2020-03-15 13:52:51,792 [main] INFO QA Testing - *** As a User i can closed the browser ***
2020-03-15 13:54:44,451 [main] INFO QA Testing - ******** I am a Chrome browser*********
2020-03-15 13:55:21,752 [main] INFO QA Testing - *** As a User i can verify my page title ***
2020-03-15 13:55:21,802 [main] INFO QA Testing - *** As a User i can closed the browser ***
2020-03-15 13:55:38,614 [main] INFO QA Testing - ******** I am a Chrome browser*********
2020-03-15 13:56:26,177 [main] INFO QA Testing - *** As a User i can verify my page title ***
2020-03-15 13:56:26,193 [main] INFO QA Testing - *** As a User i can closed the browser ***
2020-03-15 14:19:05,746 [main] INFO QA Testing - ******** I am a Chrome browser*********
2020-03-15 14:19:13,475 [main] INFO QA Testing - *** As a User i can click on signin BTN ***
2020-03-15 14:20:47,806 [main] INFO QA Testing - ******** I am a Chrome browser*********
2020-03-15 14:20:51,762 [main] INFO QA Testing - ******** I am a chrome browser *********
2020-03-15 14:20:52,965 [main] INFO QA Testing - ******** I am maximaize the browser *********
2020-03-15 14:20:53,272 [main] INFO QA Testing - ******** As a user i can enter URL *********
2020-03-15 14:20:55,624 [main] INFO QA Testing - ******** As a user i can Click on signIn BTN *********
2020-03-15 14:20:55,627 [main] INFO QA Testing - ******** As a user i can closed the browser *********
2020-03-15 14:22:08,779 [main] INFO QA Testing - ******** I am a Chrome browser*********
2020-03-15 14:22:15,614 [main] INFO QA Testing - *** As a User i can click on signin BTN ***
2020-03-15 14:22:18,413 [main] INFO QA Testing - *** As a User i can enter user name ***
2020-03-15 14:22:18,688 [main] INFO QA Testing - *** As a User i can enter password ***
2020-03-15 14:22:18,875 [main] INFO QA Testing - *** As a User i can click on submit btn ***
2020-03-15 14:22:19,609 [main] INFO QA Testing - *** As a User i can verify my page title ***
2020-03-15 14:22:19,728 [main] INFO QA Testing - *** As a User i can closed the browser ***
2020-03-15 14:22:57,355 [main] INFO QA Testing - ******** I am a Chrome browser*********
2020-03-15 14:23:07,326 [main] INFO QA Testing - *** As a User i can click on signin BTN ***
2020-03-15 14:27:06,466 [main] INFO QA Testing - ******** I am a Chrome browser*********
2020-03-15 14:27:32,320 [main] INFO QA Testing - *** As a User i can click on signin BTN ***
2020-03-15 14:27:39,028 [main] INFO QA Testing - *** As a User i can enter user name ***
2020-03-15 14:27:39,235 [main] INFO QA Testing - *** As a User i can enter password ***
2020-03-15 14:27:39,377 [main] INFO QA Testing - *** As a User i can click on submit btn ***
2020-03-15 14:27:39,416 [main] INFO QA Testing - *** As a User i can verify my page title ***
2020-03-15 14:27:40,131 [main] INFO QA Testing - *** As a User i can closed the browser ***
2020-03-15 14:48:38,502 [main] INFO QA Testing - ******** I am a Chrome browser*********
2020-03-15 14:48:42,680 [main] INFO QA Testing - *** As a User i can click on signin BTN ***
2020-03-15 14:48:43,648 [main] INFO QA Testing - *** As a User i can enter user name ***
2020-03-15 14:48:43,916 [main] INFO QA Testing - *** As a User i can enter password ***
2020-03-15 14:48:44,078 [main] INFO QA Testing - *** As a User i can click on submit btn ***
2020-03-15 14:48:45,172 [main] INFO QA Testing - *** As a User i can verify my page title ***
2020-03-15 14:48:45,188 [main] INFO QA Testing - *** As a User i can closed the browser ***
2020-03-15 14:48:46,012 [main] INFO QA Testing - ******** I am a chrome browser *********
2020-03-15 14:48:47,140 [main] INFO QA Testing - ******** I am maximaize the browser *********
2020-03-15 14:48:47,453 [main] INFO QA Testing - ******** As a user i can enter URL *********
2020-03-15 14:48:49,940 [main] INFO QA Testing - ******** As a user i can Click on signIn BTN *********
2020-03-15 14:48:50,907 [main] INFO QA Testing - ******** As a user i can enter username *********
2020-03-15 14:48:51,056 [main] INFO QA Testing - ******** As a user i can enter password *********
2020-03-15 14:48:51,204 [main] INFO QA Testing - ******** As a user i can click on submit btn *********
2020-03-15 14:48:52,354 [main] INFO QA Testing - ******** As a user i can verify page title *********
2020-03-15 14:48:52,392 [main] INFO QA Testing - ******** As a user i can closed the browser *********
2020-03-15 14:48:52,521 [main] INFO QA Testing - ******** I am a chrome browser *********
2020-03-15 14:48:53,672 [main] INFO QA Testing - ******** I am maximaize the browser *********
2020-03-15 14:48:53,866 [main] INFO QA Testing - ******** As a user i can enter URL *********
2020-03-15 14:48:55,967 [main] INFO QA Testing - ******** As a user i can click on signin btn *********
2020-03-15 14:48:56,217 [main] INFO QA Testing - ******** As a user i can enter username *********
2020-03-15 14:48:56,931 [main] INFO QA Testing - ******** As a user i can enter password *********
2020-03-15 14:48:57,052 [main] INFO QA Testing - ******** As a user i can click on submit btn *********
2020-03-15 14:48:58,067 [main] INFO QA Testing - ******** As a user i can verify page title *********
2020-03-15 14:48:58,092 [main] INFO QA Testing - ******** As a user i can closed the browser *********
2020-03-15 14:48:58,207 [main] INFO QA Testing - ******** I am a chrome browser *********
2020-03-15 14:48:59,303 [main] INFO QA Testing - ******** I am maximaize the browser *********
2020-03-15 14:48:59,488 [main] INFO QA Testing - ******** As a user i can enter URL *********
2020-03-15 14:49:01,685 [main] INFO QA Testing - ******** As a user i can click on signin btn *********
2020-03-15 14:49:02,574 [main] INFO QA Testing - ******** As a user i can enter username *********
2020-03-15 14:49:02,720 [main] INFO QA Testing - ******** As a user i can enter password *********
2020-03-15 14:49:02,899 [main] INFO QA Testing - ******** As a user i can click on submit btn *********
2020-03-15 14:49:04,389 [main] INFO QA Testing - ******** As a user i can verify page title *********
2020-03-15 14:49:04,399 [main] INFO QA Testing - ******** As a user i can verify error message *********
2020-03-15 14:49:04,408 [main] INFO QA Testing - ******** As a user i can closed the browser *********
2020-03-15 15:09:48,269 [main] INFO QA Testing - ******** I am a Chrome browser*********
2020-03-15 15:09:54,671 [main] INFO QA Testing - *** As a User i can click on signin BTN ***
2020-03-15 15:09:55,810 [main] INFO QA Testing - *** As a User i can enter user name ***
2020-03-15 15:09:56,016 [main] INFO QA Testing - *** As a User i can enter password ***
2020-03-15 15:09:56,255 [main] INFO QA Testing - *** As a User i can click on submit btn ***
2020-03-15 15:09:57,353 [main] INFO QA Testing - *** As a User i can verify my page title ***
2020-03-15 15:09:57,370 [main] INFO QA Testing - *** As a User i can closed the browser ***
2020-03-15 15:09:58,073 [main] INFO QA Testing - ******** I am a chrome browser *********
2020-03-15 15:09:59,064 [main] INFO QA Testing - ******** I am maximaize the browser *********
2020-03-15 15:09:59,364 [main] INFO QA Testing - ******** As a user i can enter URL *********
2020-03-15 15:10:03,890 [main] INFO QA Testing - ******** As a user i can Click on signIn BTN *********
2020-03-15 15:10:05,063 [main] INFO QA Testing - ******** As a user i can enter username *********
2020-03-15 15:10:05,218 [main] INFO QA Testing - ******** As a user i can enter password *********
2020-03-15 15:10:05,341 [main] INFO QA Testing - ******** As a user i can click on submit btn *********
2020-03-15 15:10:06,445 [main] INFO QA Testing - ******** As a user i can verify page title *********
2020-03-15 15:10:06,492 [main] INFO QA Testing - ******** As a user i can verify error message *********
2020-03-15 15:10:06,738 [main] INFO QA Testing - ******** As a user i can closed the browser *********
2020-03-15 15:10:06,857 [main] INFO QA Testing - ******** I am a chrome browser *********
2020-03-15 15:10:07,982 [main] INFO QA Testing - ******** I am maximaize the browser *********
2020-03-15 15:10:08,165 [main] INFO QA Testing - ******** As a user i can enter URL *********
2020-03-15 15:10:14,895 [main] INFO QA Testing - ******** As a user i can click on signin btn *********
2020-03-15 15:10:18,124 [main] INFO QA Testing - ******** As a user i can enter username *********
2020-03-15 15:10:18,266 [main] INFO QA Testing - ******** As a user i can enter password *********
2020-03-15 15:10:18,424 [main] INFO QA Testing - ******** As a user i can click on submit btn *********
2020-03-15 15:10:21,834 [main] INFO QA Testing - ******** As a user i can verify page title *********
2020-03-15 15:10:21,860 [main] INFO QA Testing - ******** As a user i can closed the browser *********
2020-03-15 15:10:21,972 [main] INFO QA Testing - ******** I am a chrome browser *********
2020-03-15 15:10:23,099 [main] INFO QA Testing - ******** I am maximaize the browser *********
2020-03-15 15:10:23,287 [main] INFO QA Testing - ******** As a user i can enter URL *********
2020-03-15 15:10:26,473 [main] INFO QA Testing - ******** As a user i can click on signin btn *********
2020-03-15 15:10:29,104 [main] INFO QA Testing - ******** As a user i can enter username *********
2020-03-15 15:10:29,298 [main] INFO QA Testing - ******** As a user i can enter password *********
2020-03-15 15:10:29,456 [main] INFO QA Testing - ******** As a user i can click on submit btn *********
2020-03-15 15:10:31,673 [main] INFO QA Testing - ******** As a user i can verify page title *********
2020-03-15 15:10:31,684 [main] INFO QA Testing - ******** As a user i can verify error message *********
2020-03-15 15:10:31,695 [main] INFO QA Testing - ******** As a user i can closed the browser *********
2020-03-15 15:28:20,821 [main] INFO QA Testing - ******** I am a Chrome browser*********
2020-03-15 15:28:31,801 [main] INFO QA Testing - *** As a User i can click on signin BTN ***
2020-03-15 15:28:32,208 [main] INFO QA Testing - *** As a User i can enter user name ***
2020-03-15 15:28:33,454 [main] INFO QA Testing - *** As a User i can enter password ***
2020-03-15 15:28:33,619 [main] INFO QA Testing - *** As a User i can click on submit btn ***
2020-03-15 15:28:37,163 [main] INFO QA Testing - *** As a User i can closed the browser ***
2020-03-15 15:30:05,542 [main] INFO QA Testing - ******** I am a Chrome browser*********
2020-03-15 15:30:31,214 [main] INFO QA Testing - *** As a User i can click on signin BTN ***
2020-03-15 15:30:46,260 [main] INFO QA Testing - *** As a User i can enter user name ***
2020-03-15 15:30:46,408 [main] INFO QA Testing - *** As a User i can enter password ***
2020-03-15 15:30:46,523 [main] INFO QA Testing - *** As a User i can click on submit btn ***
2020-03-15 15:31:18,913 [main] INFO QA Testing - *** As a User i can closed the browser ***
2020-03-15 15:33:01,331 [main] INFO QA Testing - ******** I am a Chrome browser*********
2020-03-15 15:33:11,686 [main] INFO QA Testing - *** As a User i can click on signin BTN ***
2020-03-15 15:33:22,685 [main] INFO QA Testing - *** As a User i can enter user name ***
2020-03-15 15:33:22,854 [main] INFO QA Testing - *** As a User i can enter password ***
2020-03-15 15:33:23,052 [main] INFO QA Testing - *** As a User i can click on submit btn ***
2020-03-15 15:33:44,598 [main] INFO QA Testing - *** As a User i can closed the browser ***
2020-03-15 15:35:58,720 [main] INFO QA Testing - ******** I am a Chrome browser*********
2020-03-15 15:36:11,240 [main] INFO QA Testing - *** As a User i can click on signin BTN ***
2020-03-15 15:36:23,145 [main] INFO QA Testing - *** As a User i can enter user name ***
2020-03-15 15:36:23,288 [main] INFO QA Testing - *** As a User i can enter password ***
2020-03-15 15:36:23,425 [main] INFO QA Testing - *** As a User i can click on submit btn ***
2020-03-15 15:36:37,926 [main] INFO QA Testing - *** As a User i can closed the browser ***
2020-03-15 15:38:09,933 [main] INFO QA Testing - ******** I am a Chrome browser*********
2020-03-15 15:38:16,202 [main] INFO QA Testing - *** As a User i can click on signin BTN ***
2020-03-15 15:38:25,931 [main] INFO QA Testing - *** As a User i can enter user name ***
2020-03-15 15:38:26,039 [main] INFO QA Testing - *** As a User i can enter password ***
2020-03-15 15:38:26,103 [main] INFO QA Testing - *** As a User i can click on submit btn ***
2020-03-15 15:38:41,363 [main] INFO QA Testing - *** As a User i can closed the browser ***
2020-03-15 15:39:10,414 [main] INFO QA Testing - ******** I am a Chrome browser*********
2020-03-15 15:39:22,102 [main] INFO QA Testing - *** As a User i can click on signin BTN ***
2020-03-15 15:39:23,841 [main] INFO QA Testing - *** As a User i can enter user name ***
2020-03-15 15:39:24,123 [main] INFO QA Testing - *** As a User i can enter password ***
2020-03-15 15:39:24,237 [main] INFO QA Testing - *** As a User i can click on submit btn ***
2020-03-15 15:40:03,860 [main] INFO QA Testing - *** As a User i can closed the browser ***
2020-03-15 15:42:52,117 [main] INFO QA Testing - ******** I am a Chrome browser*********
2020-03-15 15:43:05,616 [main] INFO QA Testing - *** As a User i can click on signin BTN ***
2020-03-15 15:43:14,506 [main] INFO QA Testing - *** As a User i can enter user name ***
2020-03-15 15:43:14,663 [main] INFO QA Testing - *** As a User i can enter password ***
2020-03-15 15:43:14,789 [main] INFO QA Testing - *** As a User i can click on submit btn ***
2020-03-15 15:43:21,058 [main] INFO QA Testing - *** As a User i can closed the browser ***
2020-03-15 15:44:35,066 [main] INFO QA Testing - ******** I am a Chrome browser*********
2020-03-15 15:44:43,767 [main] INFO QA Testing - *** As a User i can click on signin BTN ***
2020-03-15 15:44:47,101 [main] INFO QA Testing - *** As a User i can enter user name ***
2020-03-15 15:44:47,300 [main] INFO QA Testing - *** As a User i can enter password ***
2020-03-15 15:44:47,421 [main] INFO QA Testing - *** As a User i can click on submit btn ***
2020-03-15 15:45:04,829 [main] INFO QA Testing - *** As a User i can closed the browser ***
2020-03-15 15:48:03,220 [main] INFO QA Testing - ******** I am a Chrome browser*********
2020-03-15 15:48:30,125 [main] INFO QA Testing - *** As a User i can click on signin BTN ***
2020-03-15 15:48:44,006 [main] INFO QA Testing - *** As a User i can enter user name ***
2020-03-15 15:48:44,170 [main] INFO QA Testing - *** As a User i can enter password ***
2020-03-15 15:48:44,299 [main] INFO QA Testing - *** As a User i can click on submit btn ***
2020-03-15 15:48:58,535 [main] INFO QA Testing - *** As a User i can closed the browser ***
2020-03-15 15:49:55,453 [main] INFO QA Testing - ******** I am a Chrome browser*********
2020-03-15 15:51:09,811 [main] INFO QA Testing - ******** I am a Chrome browser*********
2020-03-15 15:51:20,850 [main] INFO QA Testing - *** As a User i can click on signin BTN ***
2020-03-15 15:51:24,158 [main] INFO QA Testing - *** As a User i can enter user name ***
2020-03-15 15:51:24,360 [main] INFO QA Testing - *** As a User i can enter password ***
2020-03-15 15:51:24,489 [main] INFO QA Testing - *** As a User i can click on submit btn ***
2020-03-15 15:51:37,372 [main] INFO QA Testing - *** As a User i can closed the browser ***
2020-03-15 15:55:55,454 [main] INFO QA Testing - ******** I am a Chrome browser*********
2020-03-15 15:56:10,562 [main] INFO QA Testing - *** As a User i can click on signin BTN ***
2020-03-15 15:56:12,575 [main] INFO QA Testing - *** As a User i can enter user name ***
2020-03-15 15:56:12,909 [main] INFO QA Testing - *** As a User i can enter password ***
2020-03-15 15:56:13,058 [main] INFO QA Testing - *** As a User i can click on submit btn ***
2020-03-15 15:57:17,884 [main] INFO QA Testing - *** As a User i can closed the browser ***
2020-03-15 15:57:43,438 [main] INFO QA Testing - ******** I am a Chrome browser*********
2020-03-15 15:57:56,546 [main] INFO QA Testing - *** As a User i can click on signin BTN ***
2020-03-15 15:57:56,903 [main] INFO QA Testing - *** As a User i can enter user name ***
2020-03-15 15:57:57,343 [main] INFO QA Testing - *** As a User i can enter password ***
2020-03-15 15:57:57,594 [main] INFO QA Testing - *** As a User i can click on submit btn ***
2020-03-15 15:59:01,770 [main] INFO QA Testing - *** As a User i can closed the browser ***
2020-03-15 16:00:06,725 [main] INFO QA Testing - ******** I am a Chrome browser*********
2020-03-15 16:00:13,255 [main] INFO QA Testing - *** As a User i can click on signin BTN ***
2020-03-15 16:00:14,984 [main] INFO QA Testing - *** As a User i can enter user name ***
2020-03-15 16:00:15,183 [main] INFO QA Testing - *** As a User i can enter password ***
2020-03-15 16:00:15,383 [main] INFO QA Testing - *** As a User i can click on submit btn ***
2020-03-15 16:00:57,192 [main] INFO QA Testing - *** As a User i can closed the browser ***
2020-03-15 16:06:33,823 [main] INFO QA Testing - ******** I am a Chrome browser*********
2020-03-15 16:06:38,933 [main] INFO QA Testing - *** As a User i can click on signin BTN ***
2020-03-15 16:06:39,888 [main] INFO QA Testing - *** As a User i can enter user name ***
2020-03-15 16:06:40,795 [main] INFO QA Testing - *** As a User i can enter password ***
2020-03-15 16:06:41,003 [main] INFO QA Testing - *** As a User i can click on submit btn ***
2020-03-15 16:07:07,162 [main] INFO QA Testing - *** As a User i can closed the browser ***
2020-03-15 16:07:42,357 [main] INFO QA Testing - ******** I am a Chrome browser*********
2020-03-15 16:07:55,371 [main] INFO QA Testing - *** As a User i can click on signin BTN ***
2020-03-15 16:08:08,987 [main] INFO QA Testing - *** As a User i can enter user name ***
2020-03-15 16:08:09,151 [main] INFO QA Testing - *** As a User i can enter password ***
2020-03-15 16:08:09,276 [main] INFO QA Testing - *** As a User i can click on submit btn ***
2020-03-15 16:08:33,074 [main] INFO QA Testing - *** As a User i can closed the browser ***
2020-03-15 16:10:56,409 [main] INFO QA Testing - ******** I am a Chrome browser*********
2020-03-15 16:11:04,178 [main] INFO QA Testing - *** As a User i can click on signin BTN ***
2020-03-15 16:11:08,405 [main] INFO QA Testing - *** As a User i can enter user name ***
2020-03-15 16:11:08,561 [main] INFO QA Testing - *** As a User i can enter password ***
2020-03-15 16:11:08,755 [main] INFO QA Testing - *** As a User i can click on submit btn ***
2020-03-15 16:11:22,442 [main] INFO QA Testing - *** As a User i can closed the browser ***
2020-03-15 16:11:51,768 [main] INFO QA Testing - ******** I am a Chrome browser*********
2020-03-15 16:12:15,096 [main] INFO QA Testing - *** As a User i can click on signin BTN ***
2020-03-15 16:12:21,695 [main] INFO QA Testing - *** As a User i can enter user name ***
2020-03-15 16:12:21,855 [main] INFO QA Testing - *** As a User i can enter password ***
2020-03-15 16:12:21,964 [main] INFO QA Testing - *** As a User i can click on submit btn ***
2020-03-15 16:12:37,046 [main] INFO QA Testing - *** As a User i can closed the browser ***
2020-03-15 16:16:16,869 [main] INFO QA Testing - ******** I am a Chrome browser*********
2020-03-15 16:16:22,418 [main] INFO QA Testing - *** As a User i can click on signin BTN ***
2020-03-15 16:16:24,228 [main] INFO QA Testing - *** As a User i can enter user name ***
2020-03-15 16:16:24,429 [main] INFO QA Testing - *** As a User i can enter password ***
2020-03-15 16:16:24,560 [main] INFO QA Testing - *** As a User i can click on submit btn ***
2020-03-15 16:16:26,616 [main] INFO QA Testing - *** As a User i can verify my page title ***
2020-03-15 16:16:26,643 [main] INFO QA Testing - *** As a User i can closed the browser ***
2020-03-15 16:16:26,744 [main] INFO QA Testing - ******** I am a Chrome browser*********
2020-03-15 16:16:36,582 [main] INFO QA Testing - *** As a User i can click on signin BTN ***
2020-03-15 16:16:39,023 [main] INFO QA Testing - *** As a User i can enter user name ***
2020-03-15 16:16:39,180 [main] INFO QA Testing - *** As a User i can enter password ***
2020-03-15 16:16:39,388 [main] INFO QA Testing - *** As a User i can click on submit btn ***
2020-03-15 16:16:51,516 [main] INFO QA Testing - *** As a User i can closed the browser ***
2020-03-15 16:16:52,279 [main] INFO QA Testing - ******** I am a chrome browser *********
2020-03-15 16:16:53,369 [main] INFO QA Testing - ******** I am maximaize the browser *********
2020-03-15 16:16:53,678 [main] INFO QA Testing - ******** As a user i can enter URL *********
2020-03-15 16:16:59,160 [main] INFO QA Testing - ******** As a user i can Click on signIn BTN *********
2020-03-15 16:17:00,678 [main] INFO QA Testing - ******** As a user i can enter username *********
2020-03-15 16:17:00,858 [main] INFO QA Testing - ******** As a user i can enter password *********
2020-03-15 16:17:00,974 [main] INFO QA Testing - ******** As a user i can click on submit btn *********
2020-03-15 16:17:01,720 [main] INFO QA Testing - ******** As a user i can verify page title *********
2020-03-15 16:17:01,927 [main] INFO QA Testing - ******** As a user i can closed the browser *********
2020-03-15 16:17:02,057 [main] INFO QA Testing - ******** I am a chrome browser *********
2020-03-15 16:17:03,305 [main] INFO QA Testing - ******** I am maximaize the browser *********
2020-03-15 16:17:03,492 [main] INFO QA Testing - ******** As a user i can enter URL *********
2020-03-15 16:17:07,658 [main] INFO QA Testing - ******** As a user i can click on signin btn *********
2020-03-15 16:17:09,841 [main] INFO QA Testing - ******** As a user i can enter username *********
2020-03-15 16:17:10,025 [main] INFO QA Testing - ******** As a user i can enter password *********
2020-03-15 16:17:10,154 [main] INFO QA Testing - ******** As a user i can click on submit btn *********
2020-03-15 16:17:11,390 [main] INFO QA Testing - ******** As a user i can verify page title *********
2020-03-15 16:17:11,422 [main] INFO QA Testing - ******** As a user i can closed the browser *********
2020-03-15 16:17:11,528 [main] INFO QA Testing - ******** I am a chrome browser *********
2020-03-15 16:17:12,701 [main] INFO QA Testing - ******** I am maximaize the browser *********
2020-03-15 16:17:12,884 [main] INFO QA Testing - ******** As a user i can enter URL *********
2020-03-15 16:17:18,613 [main] INFO QA Testing - ******** As a user i can click on signin btn *********
2020-03-15 16:17:20,018 [main] INFO QA Testing - ******** As a user i can enter username *********
2020-03-15 16:17:20,184 [main] INFO QA Testing - ******** As a user i can enter password *********
2020-03-15 16:17:20,307 [main] INFO QA Testing - ******** As a user i can click on submit btn *********
2020-03-15 16:17:22,554 [main] INFO QA Testing - ******** As a user i can verify page title *********
2020-03-15 16:17:22,565 [main] INFO QA Testing - ******** As a user i can verify error message *********
2020-03-15 16:17:22,575 [main] INFO QA Testing - ******** As a user i can closed the browser *********
2020-03-15 20:50:43,384 [main] INFO QA Testing - ******** I am a Chrome browser*********
2020-03-15 20:50:43,604 [main] INFO QA Testing - ******** I am a Chrome browser*********
2020-03-15 20:50:45,085 [main] INFO QA Testing - ******** I am a chrome browser *********
2020-03-15 20:50:45,121 [main] INFO QA Testing - ******** As a user i can closed the browser *********
2020-03-15 20:51:58,442 [main] INFO QA Testing - ******** I am a Chrome browser*********
2020-03-15 20:51:58,528 [main] INFO QA Testing - ******** I am a Chrome browser*********
2020-03-15 20:51:59,198 [main] INFO QA Testing - ******** I am a chrome browser *********
2020-03-15 20:51:59,215 [main] INFO QA Testing - ******** As a user i can closed the browser *********
2020-03-15 20:53:04,690 [main] INFO QA Testing - ******** I am a Chrome browser*********
2020-03-15 20:53:04,837 [main] INFO QA Testing - ******** I am a Chrome browser*********
2020-03-15 20:53:05,876 [main] INFO QA Testing - ******** I am a chrome browser *********
2020-03-15 20:53:05,897 [main] INFO QA Testing - ******** As a user i can closed the browser *********
2020-03-15 20:53:56,315 [main] INFO QA Testing - ******** I am a Chrome browser*********
2020-03-15 20:54:10,877 [main] INFO QA Testing - *** As a User i can click on signin BTN ***
2020-03-15 20:54:19,440 [main] INFO QA Testing - *** As a User i can enter user name ***
2020-03-15 20:54:20,456 [main] INFO QA Testing - *** As a User i can enter password ***
2020-03-15 20:54:20,577 [main] INFO QA Testing - *** As a User i can click on submit btn ***
2020-03-15 20:54:25,651 [main] INFO QA Testing - *** As a User i can verify my page title ***
2020-03-15 20:54:26,313 [main] INFO QA Testing - *** As a User i can closed the browser ***
2020-03-15 20:54:26,946 [main] INFO QA Testing - ******** I am a Chrome browser*********
2020-03-15 20:54:31,222 [main] INFO QA Testing - ******** I am a chrome browser *********
2020-03-15 20:54:31,281 [main] INFO QA Testing - ******** As a user i can closed the browser *********
2020-03-15 20:56:39,238 [main] INFO QA Testing - ******** I am a firefox browser*********
2020-03-15 20:57:04,293 [main] INFO QA Testing - *** As a User i can click on signin BTN ***
2020-03-15 20:57:10,695 [main] INFO QA Testing - *** As a User i can enter user name ***
2020-03-15 20:57:11,318 [main] INFO QA Testing - *** As a User i can enter password ***
2020-03-15 20:57:11,396 [main] INFO QA Testing - *** As a User i can click on submit btn ***
2020-03-15 20:57:12,521 [main] INFO QA Testing - *** As a User i can verify my page title ***
2020-03-15 20:57:12,541 [main] INFO QA Testing - *** As a User i can closed the browser ***
2020-03-15 20:57:17,367 [main] INFO QA Testing - ******** I am a firefox browser*********
2020-03-15 20:57:27,103 [main] INFO QA Testing - *** As a User i can click on signin BTN ***
2020-03-15 20:57:35,249 [main] INFO QA Testing - *** As a User i can enter user name ***
2020-03-15 20:57:35,495 [main] INFO QA Testing - *** As a User i can enter password ***
2020-03-15 20:57:35,546 [main] INFO QA Testing - *** As a User i can click on submit btn ***
2020-03-15 20:57:39,511 [main] INFO QA Testing - *** As a User i can closed the browser ***
2020-03-15 20:57:50,103 [main] INFO QA Testing - ******** I am a chrome browser *********
2020-03-15 20:57:53,208 [main] INFO QA Testing - ******** I am maximaize the browser *********
2020-03-15 20:57:54,682 [main] INFO QA Testing - ******** As a user i can enter URL *********
2020-03-15 20:58:01,570 [main] INFO QA Testing - ******** As a user i can Click on signIn BTN *********
2020-03-15 20:58:11,059 [main] INFO QA Testing - ******** As a user i can enter username *********
2020-03-15 20:58:11,425 [main] INFO QA Testing - ******** As a user i can enter password *********
2020-03-15 20:58:11,766 [main] INFO QA Testing - ******** As a user i can click on submit btn *********
2020-03-15 20:58:13,122 [main] INFO QA Testing - ******** As a user i can verify page title *********
2020-03-15 20:58:13,162 [main] INFO QA Testing - ******** As a user i can closed the browser *********
2020-03-15 20:58:13,826 [main] INFO QA Testing - ******** I am a chrome browser *********
2020-03-15 20:58:16,302 [main] INFO QA Testing - ******** I am maximaize the browser *********
2020-03-15 20:58:17,500 [main] INFO QA Testing - ******** As a user i can enter URL *********
2020-03-15 20:58:21,951 [main] INFO QA Testing - ******** As a user i can click on signin btn *********
2020-03-15 20:58:26,532 [main] INFO QA Testing - ******** As a user i can enter username *********
2020-03-15 20:58:26,694 [main] INFO QA Testing - ******** As a user i can enter password *********
2020-03-15 20:58:26,814 [main] INFO QA Testing - ******** As a user i can click on submit btn *********
2020-03-15 20:58:28,096 [main] INFO QA Testing - ******** As a user i can verify page title *********
2020-03-15 20:58:28,163 [main] INFO QA Testing - ******** As a user i can closed the browser *********
2020-03-15 20:58:28,853 [main] INFO QA Testing - ******** I am a chrome browser *********
2020-03-15 20:58:31,718 [main] INFO QA Testing - ******** I am maximaize the browser *********
2020-03-15 20:58:32,971 [main] INFO QA Testing - ******** As a user i can enter URL *********
2020-03-15 20:58:38,244 [main] INFO QA Testing - ******** As a user i can click on signin btn *********
2020-03-15 20:58:41,528 [main] INFO QA Testing - ******** As a user i can enter username *********
2020-03-15 20:58:41,666 [main] INFO QA Testing - ******** As a user i can enter password *********
2020-03-15 20:58:41,803 [main] INFO QA Testing - ******** As a user i can click on submit btn *********
2020-03-15 20:58:44,813 [main] INFO QA Testing - ******** As a user i can verify page title *********
2020-03-15 20:58:44,845 [main] INFO QA Testing - ******** As a user i can verify error message *********
2020-03-15 20:58:44,862 [main] INFO QA Testing - ******** As a user i can closed the browser *********
2020-03-15 21:00:10,558 [main] INFO QA Testing - ******** I am a firefox browser*********
2020-03-15 21:00:23,804 [main] INFO QA Testing - *** As a User i can click on signin BTN ***
2020-03-15 21:00:27,131 [main] INFO QA Testing - *** As a User i can enter user name ***
2020-03-15 21:00:27,211 [main] INFO QA Testing - *** As a User i can enter password ***
2020-03-15 21:00:27,272 [main] INFO QA Testing - *** As a User i can click on submit btn ***
2020-03-15 21:00:30,777 [main] INFO QA Testing - *** As a User i can closed the browser ***
2020-03-15 21:00:58,857 [main] INFO QA Testing - ******** I am a Chrome browser*********
2020-03-15 21:01:09,216 [main] INFO QA Testing - *** As a User i can click on signin BTN ***
2020-03-15 21:01:19,225 [main] INFO QA Testing - *** As a User i can enter user name ***
2020-03-15 21:01:19,682 [main] INFO QA Testing - *** As a User i can enter password ***
2020-03-15 21:01:20,034 [main] INFO QA Testing - *** As a User i can click on submit btn ***
2020-03-15 21:01:33,786 [main] INFO QA Testing - *** As a User i can closed the browser ***
2020-03-15 21:02:25,255 [main] INFO QA Testing - ******** I am a Chrome browser*********
2020-03-15 21:02:35,675 [main] INFO QA Testing - *** As a User i can click on signin BTN ***
2020-03-15 21:02:42,708 [main] INFO QA Testing - *** As a User i can enter user name ***
2020-03-15 21:02:42,987 [main] INFO QA Testing - *** As a User i can enter password ***
2020-03-15 21:02:43,118 [main] INFO QA Testing - *** As a User i can click on submit btn ***
2020-03-15 21:03:05,662 [main] INFO QA Testing - *** As a User i can closed the browser ***
2020-03-15 21:04:06,332 [main] INFO QA Testing - ******** I am a Chrome browser*********
2020-03-15 21:04:16,875 [main] INFO QA Testing - *** As a User i can click on signin BTN ***
2020-03-15 21:04:24,298 [main] INFO QA Testing - *** As a User i can enter user name ***
2020-03-15 21:04:24,764 [main] INFO QA Testing - *** As a User i can enter password ***
2020-03-15 21:04:25,108 [main] INFO QA Testing - *** As a User i can click on submit btn ***
2020-03-15 21:04:38,139 [main] INFO QA Testing - *** As a User i can closed the browser ***
2020-03-15 21:05:32,660 [main] INFO QA Testing - ******** I am a Chrome browser*********
2020-03-15 21:05:42,928 [main] INFO QA Testing - *** As a User i can click on signin BTN ***
2020-03-15 21:05:47,261 [main] INFO QA Testing - *** As a User i can enter user name ***
2020-03-15 21:05:47,407 [main] INFO QA Testing - *** As a User i can enter password ***
2020-03-15 21:05:47,510 [main] INFO QA Testing - *** As a User i can click on submit btn ***
2020-03-15 21:06:01,746 [main] INFO QA Testing - *** As a User i can closed the browser ***
2020-03-15 21:07:09,915 [main] INFO QA Testing - ******** I am a Chrome browser*********
2020-03-15 21:07:21,355 [main] INFO QA Testing - *** As a User i can click on signin BTN ***
2020-03-15 21:07:28,810 [main] INFO QA Testing - *** As a User i can enter user name ***
2020-03-15 21:07:29,031 [main] INFO QA Testing - *** As a User i can enter password ***
2020-03-15 21:07:29,217 [main] INFO QA Testing - *** As a User i can click on submit btn ***
2020-03-15 21:07:45,835 [main] INFO QA Testing - *** As a User i can closed the browser ***
2020-03-15 21:19:12,330 [main] INFO QA Testing - ******** I am a Chrome browser*********
2020-03-15 21:19:21,412 [main] INFO QA Testing - *** As a User i can click on signin BTN ***
2020-03-15 21:19:24,535 [main] INFO QA Testing - *** As a User i can enter user name ***
2020-03-15 21:19:24,962 [main] INFO QA Testing - *** As a User i can enter password ***
2020-03-15 21:19:25,137 [main] INFO QA Testing - *** As a User i can click on submit btn ***
2020-03-15 21:19:41,952 [main] INFO QA Testing - *** As a User i can closed the browser ***
2020-03-15 21:21:05,018 [main] INFO QA Testing - ******** I am a Chrome browser*********
2020-03-15 21:21:13,220 [main] INFO QA Testing - *** As a User i can click on signin BTN ***
2020-03-15 21:21:15,026 [main] INFO QA Testing - *** As a User i can enter user name ***
2020-03-15 21:21:15,166 [main] INFO QA Testing - *** As a User i can enter password ***
2020-03-15 21:21:15,279 [main] INFO QA Testing - *** As a User i can click on submit btn ***
2020-03-15 21:21:37,648 [main] INFO QA Testing - *** As a User i can closed the browser ***
2020-03-15 21:22:49,620 [main] INFO QA Testing - ******** I am a Chrome browser*********
2020-03-15 21:23:00,838 [main] INFO QA Testing - *** As a User i can click on signin BTN ***
2020-03-15 21:23:03,619 [main] INFO QA Testing - *** As a User i can enter user name ***
2020-03-15 21:23:04,006 [main] INFO QA Testing - *** As a User i can enter password ***
2020-03-15 21:23:04,197 [main] INFO QA Testing - *** As a User i can click on submit btn ***
2020-03-15 21:23:22,944 [main] INFO QA Testing - *** As a User i can verify my page title ***
2020-03-15 21:23:23,063 [main] INFO QA Testing - *** As a User i can closed the browser ***
2020-03-15 21:24:12,905 [main] INFO QA Testing - ******** I am a Chrome browser*********
2020-03-15 21:24:23,006 [main] INFO QA Testing - *** As a User i can click on signin BTN ***
2020-03-15 21:24:25,422 [main] INFO QA Testing - *** As a User i can enter user name ***
2020-03-15 21:24:25,605 [main] INFO QA Testing - *** As a User i can enter password ***
2020-03-15 21:24:25,874 [main] INFO QA Testing - *** As a User i can click on submit btn ***
2020-03-15 21:24:43,429 [main] INFO QA Testing - *** As a User i can verify my page title ***
2020-03-15 21:24:43,496 [main] INFO QA Testing - *** As a User i can closed the browser ***
2020-03-15 21:29:00,447 [main] INFO QA Testing - ******** I am a Chrome browser*********
2020-03-15 21:29:10,091 [main] INFO QA Testing - *** As a User i can click on signin BTN ***
2020-03-15 21:29:13,270 [main] INFO QA Testing - *** As a User i can enter user name ***
2020-03-15 21:29:13,443 [main] INFO QA Testing - *** As a User i can enter password ***
2020-03-15 21:29:13,588 [main] INFO QA Testing - *** As a User i can click on submit btn ***
2020-03-15 21:29:35,343 [main] INFO QA Testing - *** As a User i can closed the browser ***
2020-03-15 21:30:29,003 [main] INFO QA Testing - ******** I am a Chrome browser*********
2020-03-15 21:30:37,616 [main] INFO QA Testing - *** As a User i can click on signin BTN ***
2020-03-15 21:30:42,378 [main] INFO QA Testing - *** As a User i can enter user name ***
2020-03-15 21:30:42,524 [main] INFO QA Testing - *** As a User i can enter password ***
2020-03-15 21:30:42,633 [main] INFO QA Testing - *** As a User i can click on submit btn ***
2020-03-15 21:31:02,746 [main] INFO QA Testing - *** As a User i can verify my page title with Assertion ***
2020-03-15 21:31:02,768 [main] INFO QA Testing - *** As a User i can verify my page title with if else condition ***
2020-03-15 21:31:02,798 [main] INFO QA Testing - *** As a User i can closed the browser ***
2020-03-15 21:33:19,497 [main] INFO QA Testing - ******** I am a Chrome browser*********
2020-03-15 21:33:32,865 [main] INFO QA Testing - *** As a User i can click on signin BTN ***
2020-03-15 21:33:42,627 [main] INFO QA Testing - *** As a User i can enter user name ***
2020-03-15 21:33:43,028 [main] INFO QA Testing - *** As a User i can enter password ***
2020-03-15 21:33:43,418 [main] INFO QA Testing - *** As a User i can click on submit btn ***
2020-03-15 21:34:06,056 [main] INFO QA Testing - *** As a User i can closed the browser ***
2020-03-15 21:40:08,882 [main] INFO QA Testing - ******** I am a Chrome browser*********
2020-03-15 21:40:31,027 [main] INFO QA Testing - *** As a User i can click on signin BTN ***
2020-03-15 21:40:44,942 [main] INFO QA Testing - *** As a User i can enter user name ***
2020-03-15 21:40:45,405 [main] INFO QA Testing - *** As a User i can enter password ***
2020-03-15 21:40:45,775 [main] INFO QA Testing - *** As a User i can click on submit btn ***
2020-03-15 21:40:50,184 [main] INFO QA Testing - *** As a User i can serch the property with city name ***
2020-03-15 21:41:10,447 [main] INFO QA Testing - *** As a User i can closed the browser ***
2020-03-15 21:42:19,130 [main] INFO QA Testing - ******** I am a Chrome browser*********
2020-03-15 21:42:27,803 [main] INFO QA Testing - *** As a User i can click on signin BTN ***
2020-03-15 21:42:29,405 [main] INFO QA Testing - *** As a User i can enter user name ***
2020-03-15 21:42:29,810 [main] INFO QA Testing - *** As a User i can enter password ***
2020-03-15 21:42:30,059 [main] INFO QA Testing - *** As a User i can click on submit btn ***
2020-03-15 21:42:32,828 [main] INFO QA Testing - *** As a User i can verify my page title ***
2020-03-15 21:42:32,835 [main] INFO QA Testing - *** As a User i can closed the browser ***
2020-03-15 21:42:33,667 [main] INFO QA Testing - ******** I am a Chrome browser*********
2020-03-15 21:42:42,416 [main] INFO QA Testing - *** As a User i can click on signin BTN ***
2020-03-15 21:42:46,080 [main] INFO QA Testing - *** As a User i can enter user name ***
2020-03-15 21:42:46,321 [main] INFO QA Testing - *** As a User i can enter password ***
2020-03-15 21:42:46,512 [main] INFO QA Testing - *** As a User i can click on submit btn ***
2020-03-15 21:42:47,903 [main] INFO QA Testing - *** As a User i can serch the property with city name ***
2020-03-15 21:42:55,514 [main] INFO QA Testing - *** As a User i can search all the property price & also count the property ***
2020-03-15 21:42:57,149 [main] INFO QA Testing - *** As a User i can search all the property & select the fifth number property ***
2020-03-15 21:43:01,774 [main] INFO QA Testing - *** As a User i can verify the selected property price ***
2020-03-15 21:43:01,777 [main] INFO QA Testing - *** As a User i can verify my page title with Assertion ***
2020-03-15 21:43:02,443 [main] INFO QA Testing - *** As a User i can closed the browser ***
2020-03-15 21:43:04,047 [main] INFO QA Testing - ******** I am a chrome browser *********
2020-03-15 21:43:06,317 [main] INFO QA Testing - ******** I am maximaize the browser *********
2020-03-15 21:43:07,814 [main] INFO QA Testing - ******** As a user i can enter URL *********
2020-03-15 21:43:12,098 [main] INFO QA Testing - ******** As a user i can Click on signIn BTN *********
2020-03-15 21:43:15,848 [main] INFO QA Testing - ******** As a user i can enter username *********
2020-03-15 21:43:16,041 [main] INFO QA Testing - ******** As a user i can enter password *********
2020-03-15 21:43:16,158 [main] INFO QA Testing - ******** As a user i can click on submit btn *********
2020-03-15 21:43:18,108 [main] INFO QA Testing - ******** As a user i can verify page title *********
2020-03-15 21:43:18,155 [main] INFO QA Testing - ******** As a user i can closed the browser *********
2020-03-15 21:43:18,950 [main] INFO QA Testing - ******** I am a chrome browser *********
2020-03-15 21:43:21,161 [main] INFO QA Testing - ******** I am maximaize the browser *********
2020-03-15 21:43:22,406 [main] INFO QA Testing - ******** As a user i can enter URL *********
2020-03-15 21:43:27,112 [main] INFO QA Testing - ******** As a user i can click on signin btn *********
2020-03-15 21:43:31,645 [main] INFO QA Testing - ******** As a user i can enter username *********
2020-03-15 21:43:32,125 [main] INFO QA Testing - ******** As a user i can enter password *********
2020-03-15 21:43:32,399 [main] INFO QA Testing - ******** As a user i can click on submit btn *********
2020-03-15 21:43:34,056 [main] INFO QA Testing - ******** As a user i can verify page title *********
2020-03-15 21:43:34,122 [main] INFO QA Testing - ******** As a user i can closed the browser *********
2020-03-15 21:43:34,855 [main] INFO QA Testing - ******** I am a chrome browser *********
2020-03-15 21:43:37,953 [main] INFO QA Testing - ******** I am maximaize the browser *********
2020-03-15 21:43:39,238 [main] INFO QA Testing - ******** As a user i can enter URL *********
2020-03-15 21:43:44,096 [main] INFO QA Testing - ******** As a user i can click on signin btn *********
2020-03-15 21:43:46,323 [main] INFO QA Testing - ******** As a user i can enter username *********
2020-03-15 21:43:46,651 [main] INFO QA Testing - ******** As a user i can enter password *********
2020-03-15 21:43:46,879 [main] INFO QA Testing - ******** As a user i can click on submit btn *********
2020-03-15 21:43:47,945 [main] INFO QA Testing - ******** As a user i can verify page title *********
2020-03-15 21:43:48,046 [main] INFO QA Testing - ******** As a user i can verify error message *********
2020-03-15 21:43:48,057 [main] INFO QA Testing - ******** As a user i can closed the browser *********
2020-03-15 21:47:40,917 [main] INFO QA Testing - ******** I am a Chrome browser*********
2020-03-15 21:47:51,248 [main] INFO QA Testing - *** As a User i can click on signin BTN ***
2020-03-15 21:47:56,586 [main] INFO QA Testing - *** As a User i can enter user name ***
2020-03-15 21:47:56,717 [main] INFO QA Testing - *** As a User i can enter password ***
2020-03-15 21:47:57,034 [main] INFO QA Testing - *** As a User i can click on submit btn ***
2020-03-15 21:47:58,939 [main] INFO QA Testing - *** As a User i can serch the property with city name ***
2020-03-15 21:48:09,880 [main] INFO QA Testing - *** As a User i can search all the property price & also count the property ***
2020-03-15 21:48:10,914 [main] INFO QA Testing - *** As a User i can search all the property & select the fifth number property ***
2020-03-15 21:48:15,015 [main] INFO QA Testing - *** As a User i can verify the selected property price ***
2020-03-15 21:48:15,016 [main] INFO QA Testing - *** As a User i can verify my page title with Assertion ***
2020-03-15 21:48:15,030 [main] INFO QA Testing - *** As a User i can closed the browser ***
2020-03-15 21:49:16,669 [main] INFO QA Testing - ******** I am a Chrome browser*********
2020-03-15 21:49:31,348 [main] INFO QA Testing - *** As a User i can click on signin BTN ***
2020-03-15 21:49:35,515 [main] INFO QA Testing - *** As a User i can enter user name ***
2020-03-15 21:49:35,712 [main] INFO QA Testing - *** As a User i can enter password ***
2020-03-15 21:49:35,917 [main] INFO QA Testing - *** As a User i can click on submit btn ***
2020-03-15 21:49:38,928 [main] INFO QA Testing - *** As a User i can serch the property with city name ***
2020-03-15 21:49:44,127 [main] INFO QA Testing - *** As a User i can search all the property price & also count the property ***
2020-03-15 21:49:44,941 [main] INFO QA Testing - *** As a User i can search all the property & select the fifth number property ***
2020-03-15 21:49:48,499 [main] INFO QA Testing - *** As a User i can verify the selected property price ***
2020-03-15 21:49:48,499 [main] INFO QA Testing - *** As a User i can verify my page title with Assertion ***
2020-03-15 21:49:48,535 [main] INFO QA Testing - *** As a User i can verify my page title with if else condition ***
2020-03-15 21:49:48,586 [main] INFO QA Testing - *** As a User i can closed the browser ***
2020-03-15 21:52:10,937 [main] INFO QA Testing - ******** I am a Chrome browser*********
2020-03-15 21:52:30,920 [main] INFO QA Testing - *** As a User i can click on signin BTN ***
2020-03-15 21:52:39,236 [main] INFO QA Testing - *** As a User i can enter user name ***
2020-03-15 21:52:39,415 [main] INFO QA Testing - *** As a User i can enter password ***
2020-03-15 21:52:39,533 [main] INFO QA Testing - *** As a User i can click on submit btn ***
2020-03-15 21:52:42,792 [main] INFO QA Testing - *** As a User i can verify my page title ***
2020-03-15 21:52:42,819 [main] INFO QA Testing - *** As a User i can closed the browser ***
2020-03-15 21:52:43,435 [main] INFO QA Testing - ******** I am a Chrome browser*********
2020-03-15 21:52:57,375 [main] INFO QA Testing - ******** I am a chrome browser *********
2020-03-15 21:52:59,994 [main] INFO QA Testing - ******** I am maximaize the browser *********
2020-03-15 21:53:01,315 [main] INFO QA Testing - ******** As a user i can enter URL *********
2020-03-15 21:53:10,396 [main] INFO QA Testing - ******** As a user i can Click on signIn BTN *********
2020-03-15 21:53:18,267 [main] INFO QA Testing - ******** As a user i can enter username *********
2020-03-15 21:53:18,395 [main] INFO QA Testing - ******** As a user i can enter password *********
2020-03-15 21:53:18,507 [main] INFO QA Testing - ******** As a user i can click on submit btn *********
2020-03-15 21:53:20,328 [main] INFO QA Testing - ******** As a user i can verify page title *********
2020-03-15 21:53:20,397 [main] INFO QA Testing - ******** As a user i can closed the browser *********
2020-03-15 21:53:21,092 [main] INFO QA Testing - ******** I am a chrome browser *********
2020-03-15 21:53:23,383 [main] INFO QA Testing - ******** I am maximaize the browser *********
2020-03-15 21:53:24,672 [main] INFO QA Testing - ******** As a user i can enter URL *********
2020-03-15 21:53:34,752 [main] INFO QA Testing - ******** As a user i can click on signin btn *********
2020-03-15 21:53:38,143 [main] INFO QA Testing - ******** As a user i can enter username *********
2020-03-15 21:53:38,626 [main] INFO QA Testing - ******** As a user i can enter password *********
2020-03-15 21:53:38,759 [main] INFO QA Testing - ******** As a user i can click on submit btn *********
2020-03-15 21:53:41,382 [main] INFO QA Testing - ******** As a user i can verify page title *********
2020-03-15 21:53:41,409 [main] INFO QA Testing - ******** As a user i can closed the browser *********
2020-03-15 21:53:42,055 [main] INFO QA Testing - ******** I am a chrome browser *********
2020-03-15 21:53:44,948 [main] INFO QA Testing - ******** I am maximaize the browser *********
2020-03-15 21:53:46,174 [main] INFO QA Testing - ******** As a user i can enter URL *********
2020-03-15 21:53:51,882 [main] INFO QA Testing - ******** As a user i can click on signin btn *********
2020-03-15 21:53:58,802 [main] INFO QA Testing - ******** As a user i can enter username *********
2020-03-15 21:53:58,954 [main] INFO QA Testing - ******** As a user i can enter password *********
2020-03-15 21:53:59,113 [main] INFO QA Testing - ******** As a user i can click on submit btn *********
2020-03-15 21:54:03,718 [main] INFO QA Testing - ******** As a user i can verify page title *********
2020-03-15 21:54:03,737 [main] INFO QA Testing - ******** As a user i can verify error message *********
2020-03-15 21:54:03,751 [main] INFO QA Testing - ******** As a user i can closed the browser *********
2020-03-15 21:59:40,725 [main] INFO QA Testing - ******** I am a Chrome browser*********
2020-03-15 21:59:55,468 [main] INFO QA Testing - *** As a User i can click on signin BTN ***
2020-03-15 22:00:08,312 [main] INFO QA Testing - *** As a User i can enter user name ***
2020-03-15 22:00:08,490 [main] INFO QA Testing - *** As a User i can enter password ***
2020-03-15 22:00:08,611 [main] INFO QA Testing - *** As a User i can click on submit btn ***
2020-03-15 22:00:11,100 [main] INFO QA Testing - *** As a User i can verify my page title ***
2020-03-15 22:00:11,117 [main] INFO QA Testing - *** As a User i can closed the browser ***
2020-03-15 22:00:11,752 [main] INFO QA Testing - ******** I am a Chrome browser*********
2020-03-15 22:00:25,003 [main] INFO QA Testing - *** As a User i can click on signin BTN ***
2020-03-15 22:00:28,775 [main] INFO QA Testing - *** As a User i can enter user name ***
2020-03-15 22:00:29,038 [main] INFO QA Testing - *** As a User i can enter password ***
2020-03-15 22:00:29,140 [main] INFO QA Testing - *** As a User i can click on submit btn ***
2020-03-15 22:00:31,238 [main] INFO QA Testing - *** As a User i can serch the property with city name ***
2020-03-15 22:00:48,157 [main] INFO QA Testing - *** As a User i can search all the property price & also count the property ***
2020-03-15 22:00:48,585 [main] INFO QA Testing - *** As a User i can search all the property & select the fifth number property ***
2020-03-15 22:00:54,012 [main] INFO QA Testing - *** As a User i can verify the selected property price ***
2020-03-15 22:00:54,014 [main] INFO QA Testing - *** As a User i can verify my page title with Assertion ***
2020-03-15 22:00:54,533 [main] INFO QA Testing - *** As a User i can closed the browser ***
2020-03-15 22:00:56,282 [main] INFO QA Testing - ******** I am a chrome browser *********
2020-03-15 22:00:58,488 [main] INFO QA Testing - ******** I am maximaize the browser *********
2020-03-15 22:00:59,794 [main] INFO QA Testing - ******** As a user i can enter URL *********
2020-03-15 22:01:08,419 [main] INFO QA Testing - ******** As a user i can Click on signIn BTN *********
2020-03-15 22:01:12,100 [main] INFO QA Testing - ******** As a user i can enter username *********
2020-03-15 22:01:12,245 [main] INFO QA Testing - ******** As a user i can enter password *********
2020-03-15 22:01:12,823 [main] INFO QA Testing - ******** As a user i can click on submit btn *********
2020-03-15 22:01:14,967 [main] INFO QA Testing - ******** As a user i can verify page title *********
2020-03-15 22:01:15,000 [main] INFO QA Testing - ******** As a user i can closed the browser *********
2020-03-15 22:01:16,588 [main] INFO QA Testing - ******** I am a chrome browser *********
2020-03-15 22:01:19,871 [main] INFO QA Testing - ******** I am maximaize the browser *********
2020-03-15 22:01:21,114 [main] INFO QA Testing - ******** As a user i can enter URL *********
2020-03-15 22:01:30,858 [main] INFO QA Testing - ******** As a user i can click on signin btn *********
2020-03-15 22:01:35,507 [main] INFO QA Testing - ******** As a user i can enter username *********
2020-03-15 22:01:35,653 [main] INFO QA Testing - ******** As a user i can enter password *********
2020-03-15 22:01:36,976 [main] INFO QA Testing - ******** As a user i can click on submit btn *********
2020-03-15 22:01:38,239 [main] INFO QA Testing - ******** As a user i can verify page title *********
2020-03-15 22:01:38,264 [main] INFO QA Testing - ******** As a user i can closed the browser *********
2020-03-15 22:01:38,914 [main] INFO QA Testing - ******** I am a chrome browser *********
2020-03-15 22:01:41,018 [main] INFO QA Testing - ******** I am maximaize the browser *********
2020-03-15 22:01:42,931 [main] INFO QA Testing - ******** As a user i can enter URL *********
2020-03-15 22:01:46,858 [main] INFO QA Testing - ******** As a user i can click on signin btn *********
2020-03-15 22:01:53,864 [main] INFO QA Testing - ******** As a user i can enter username *********
2020-03-15 22:01:54,118 [main] INFO QA Testing - ******** As a user i can enter password *********
2020-03-15 22:01:54,288 [main] INFO QA Testing - ******** As a user i can click on submit btn *********
2020-03-15 22:02:00,930 [main] INFO QA Testing - ******** As a user i can verify page title *********
2020-03-15 22:02:00,939 [main] INFO QA Testing - ******** As a user i can verify error message *********
2020-03-15 22:02:01,317 [main] INFO QA Testing - ******** As a user i can closed the browser *********
2020-03-15 22:03:36,175 [main] INFO QA Testing - ******** I am a Chrome browser*********
2020-03-15 22:03:48,180 [main] INFO QA Testing - *** As a User i can click on signin BTN ***
2020-03-15 22:03:57,762 [main] INFO QA Testing - *** As a User i can enter user name ***
2020-03-15 22:03:57,909 [main] INFO QA Testing - *** As a User i can enter password ***
2020-03-15 22:03:58,024 [main] INFO QA Testing - *** As a User i can click on submit btn ***
2020-03-15 22:04:02,633 [main] INFO QA Testing - *** As a User i can verify my page title ***
2020-03-15 22:04:02,673 [main] INFO QA Testing - *** As a User i can closed the browser ***
2020-03-15 22:04:03,800 [main] INFO QA Testing - ******** I am a Chrome browser*********
2020-03-15 22:04:16,880 [main] INFO QA Testing - *** As a User i can click on signin BTN ***
2020-03-15 22:04:21,808 [main] INFO QA Testing - *** As a User i can enter user name ***
2020-03-15 22:04:21,941 [main] INFO QA Testing - *** As a User i can enter password ***
2020-03-15 22:04:22,036 [main] INFO QA Testing - *** As a User i can click on submit btn ***
2020-03-15 22:04:25,784 [main] INFO QA Testing - *** As a User i can serch the property with city name ***
2020-03-15 22:04:41,541 [main] INFO QA Testing - *** As a User i can search all the property price & also count the property ***
2020-03-15 22:04:42,039 [main] INFO QA Testing - *** As a User i can search all the property & select the fifth number property ***
2020-03-15 22:04:42,246 [main] INFO QA Testing - *** As a User i can verify the selected property price ***
2020-03-15 22:04:42,247 [main] INFO QA Testing - *** As a User i can verify my page title with Assertion ***
2020-03-15 22:04:42,743 [main] INFO QA Testing - *** As a User i can closed the browser ***
2020-03-15 22:04:43,998 [main] INFO QA Testing - ******** I am a chrome browser *********
2020-03-15 22:04:47,712 [main] INFO QA Testing - ******** I am maximaize the browser *********
2020-03-15 22:04:49,035 [main] INFO QA Testing - ******** As a user i can enter URL *********
2020-03-15 22:04:57,379 [main] INFO QA Testing - ******** As a user i can Click on signIn BTN *********
2020-03-15 22:05:06,342 [main] INFO QA Testing - ******** As a user i can enter username *********
2020-03-15 22:05:06,487 [main] INFO QA Testing - ******** As a user i can enter password *********
2020-03-15 22:05:06,607 [main] INFO QA Testing - ******** As a user i can click on submit btn *********
2020-03-15 22:05:08,443 [main] INFO QA Testing - ******** As a user i can verify page title *********
2020-03-15 22:05:08,482 [main] INFO QA Testing - ******** As a user i can closed the browser *********
2020-03-15 22:05:09,129 [main] INFO QA Testing - ******** I am a chrome browser *********
2020-03-15 22:05:11,793 [main] INFO QA Testing - ******** I am maximaize the browser *********
2020-03-15 22:05:13,067 [main] INFO QA Testing - ******** As a user i can enter URL *********
2020-03-15 22:05:21,323 [main] INFO QA Testing - ******** As a user i can click on signin btn *********
2020-03-15 22:05:26,213 [main] INFO QA Testing - ******** As a user i can enter username *********
2020-03-15 22:05:26,491 [main] INFO QA Testing - ******** As a user i can enter password *********
2020-03-15 22:05:26,730 [main] INFO QA Testing - ******** As a user i can click on submit btn *********
2020-03-15 22:05:28,658 [main] INFO QA Testing - ******** As a user i can verify page title *********
2020-03-15 22:05:28,684 [main] INFO QA Testing - ******** As a user i can closed the browser *********
2020-03-15 22:05:29,340 [main] INFO QA Testing - ******** I am a chrome browser *********
2020-03-15 22:05:31,462 [main] INFO QA Testing - ******** I am maximaize the browser *********
2020-03-15 22:05:32,734 [main] INFO QA Testing - ******** As a user i can enter URL *********
2020-03-15 22:05:37,092 [main] INFO QA Testing - ******** As a user i can click on signin btn *********
2020-03-15 22:05:45,130 [main] INFO QA Testing - ******** As a user i can enter username *********
2020-03-15 22:05:45,355 [main] INFO QA Testing - ******** As a user i can enter password *********
2020-03-15 22:05:45,525 [main] INFO QA Testing - ******** As a user i can click on submit btn *********
2020-03-15 22:05:50,224 [main] INFO QA Testing - ******** As a user i can verify page title *********
2020-03-15 22:05:50,235 [main] INFO QA Testing - ******** As a user i can verify error message *********
2020-03-15 22:05:50,571 [main] INFO QA Testing - ******** As a user i can closed the browser *********
2020-03-15 22:06:17,806 [main] INFO QA Testing - ******** I am a Chrome browser*********
2020-03-15 22:06:34,132 [main] INFO QA Testing - *** As a User i can click on signin BTN ***
2020-03-15 22:06:43,055 [main] INFO QA Testing - *** As a User i can enter user name ***
2020-03-15 22:06:43,254 [main] INFO QA Testing - *** As a User i can enter password ***
2020-03-15 22:06:43,371 [main] INFO QA Testing - *** As a User i can click on submit btn ***
2020-03-15 22:06:47,520 [main] INFO QA Testing - *** As a User i can verify my page title ***
2020-03-15 22:06:47,556 [main] INFO QA Testing - *** As a User i can closed the browser ***
2020-03-15 22:06:48,199 [main] INFO QA Testing - ******** I am a Chrome browser*********
2020-03-15 22:07:00,048 [main] INFO QA Testing - *** As a User i can click on signin BTN ***
2020-03-15 22:07:05,227 [main] INFO QA Testing - *** As a User i can enter user name ***
2020-03-15 22:07:05,376 [main] INFO QA Testing - *** As a User i can enter password ***
2020-03-15 22:07:05,483 [main] INFO QA Testing - *** As a User i can click on submit btn ***
2020-03-15 22:07:07,634 [main] INFO QA Testing - *** As a User i can serch the property with city name ***
2020-03-15 22:07:22,248 [main] INFO QA Testing - *** As a User i can search all the property price & also count the property ***
2020-03-15 22:07:22,692 [main] INFO QA Testing - *** As a User i can search all the property & select the fifth number property ***
2020-03-15 22:07:27,194 [main] INFO QA Testing - *** As a User i can verify the selected property price ***
2020-03-15 22:07:27,197 [main] INFO QA Testing - *** As a User i can verify my page title with if else condition ***
2020-03-15 22:07:27,246 [main] INFO QA Testing - *** As a User i can closed the browser ***
2020-03-15 22:07:28,973 [main] INFO QA Testing - ******** I am a chrome browser *********
2020-03-15 22:07:31,329 [main] INFO QA Testing - ******** I am maximaize the browser *********
2020-03-15 22:07:32,642 [main] INFO QA Testing - ******** As a user i can enter URL *********
2020-03-15 22:07:40,274 [main] INFO QA Testing - ******** As a user i can Click on signIn BTN *********
2020-03-15 22:07:45,253 [main] INFO QA Testing - ******** As a user i can enter username *********
2020-03-15 22:07:45,678 [main] INFO QA Testing - ******** As a user i can enter password *********
2020-03-15 22:07:45,878 [main] INFO QA Testing - ******** As a user i can click on submit btn *********
2020-03-15 22:07:47,991 [main] INFO QA Testing - ******** As a user i can verify page title *********
2020-03-15 22:07:48,014 [main] INFO QA Testing - ******** As a user i can closed the browser *********
2020-03-15 22:07:48,703 [main] INFO QA Testing - ******** I am a chrome browser *********
2020-03-15 22:07:50,982 [main] INFO QA Testing - ******** I am maximaize the browser *********
2020-03-15 22:07:52,214 [main] INFO QA Testing - ******** As a user i can enter URL *********
2020-03-15 22:07:57,960 [main] INFO QA Testing - ******** As a user i can click on signin btn *********
2020-03-15 22:08:02,360 [main] INFO QA Testing - ******** As a user i can enter username *********
2020-03-15 22:08:02,496 [main] INFO QA Testing - ******** As a user i can enter password *********
2020-03-15 22:08:02,593 [main] INFO QA Testing - ******** As a user i can click on submit btn *********
2020-03-15 22:08:07,860 [main] INFO QA Testing - ******** As a user i can verify page title *********
2020-03-15 22:08:07,899 [main] INFO QA Testing - ******** As a user i can closed the browser *********
2020-03-15 22:08:08,598 [main] INFO QA Testing - ******** I am a chrome browser *********
2020-03-15 22:08:11,991 [main] INFO QA Testing - ******** I am maximaize the browser *********
2020-03-15 22:08:13,843 [main] INFO QA Testing - ******** As a user i can enter URL *********
2020-03-15 22:08:19,872 [main] INFO QA Testing - ******** As a user i can click on signin btn *********
2020-03-15 22:08:22,324 [main] INFO QA Testing - ******** As a user i can enter username *********
2020-03-15 22:08:22,465 [main] INFO QA Testing - ******** As a user i can enter password *********
2020-03-15 22:08:22,561 [main] INFO QA Testing - ******** As a user i can click on submit btn *********
2020-03-15 22:08:27,503 [main] INFO QA Testing - ******** As a user i can verify page title *********
2020-03-15 22:08:27,532 [main] INFO QA Testing - ******** As a user i can verify error message *********
2020-03-15 22:08:27,879 [main] INFO QA Testing - ******** As a user i can closed the browser *********
